# JRE version: OpenJDK Runtime Environment (11.0.8+10) (build 11.0.8+10-b944.6842174)
# Java VM: OpenJDK 64-Bit Server VM (11.0.8+10-b944.6842174, mixed mode, tiered, compressed oops, g1 gc, windows-amd64)
Heap:
 garbage-first heap   total 196608K, used 111395K [0x0000000080000000, 0x0000000100000000)
  region size 1024K, 21 young (21504K), 1 survivors (1024K)
 Metaspace       used 122630K, capacity 126772K, committed 127080K, reserved 1161216K
  class space    used 14567K, capacity 16008K, committed 16176K, reserved 1048576K
GC Heap History (20 events):
Event: 4105.955 GC heap before
{Heap before GC invocations=274 (full 0):
 garbage-first heap   total 196608K, used 144135K [0x0000000080000000, 0x0000000100000000)
  region size 1024K, 62 young (63488K), 1 survivors (1024K)
 Metaspace       used 122476K, capacity 126692K, committed 127080K, reserved 1161216K
  class space    used 14564K, capacity 16005K, committed 16176K, reserved 1048576K
}
Event: 4105.964 GC heap after
{Heap after GC invocations=275 (full 0):
 garbage-first heap   total 196608K, used 88717K [0x0000000080000000, 0x0000000100000000)
  region size 1024K, 6 young (6144K), 6 survivors (6144K)
 Metaspace       used 122476K, capacity 126692K, committed 127080K, reserved 1161216K
  class space    used 14564K, capacity 16005K, committed 16176K, reserved 1048576K
}
Event: 4126.006 GC heap before
{Heap before GC invocations=276 (full 0):
 garbage-first heap   total 196608K, used 182925K [0x0000000080000000, 0x0000000100000000)
  region size 1024K, 70 young (71680K), 6 survivors (6144K)
 Metaspace       used 122493K, capacity 126756K, committed 127080K, reserved 1161216K
  class space    used 14564K, capacity 16005K, committed 16176K, reserved 1048576K
}
Event: 4126.019 GC heap after
{Heap after GC invocations=277 (full 0):
 garbage-first heap   total 196608K, used 91272K [0x0000000080000000, 0x0000000100000000)
  region size 1024K, 5 young (5120K), 5 survivors (5120K)
 Metaspace       used 122493K, capacity 126756K, committed 127080K, reserved 1161216K
  class space    used 14564K, capacity 16005K, committed 16176K, reserved 1048576K
}
Event: 4126.042 GC heap before
{Heap before GC invocations=277 (full 0):
 garbage-first heap   total 196608K, used 94344K [0x0000000080000000, 0x0000000100000000)
  region size 1024K, 9 young (9216K), 5 survivors (5120K)
 Metaspace       used 122494K, capacity 126756K, committed 127080K, reserved 1161216K
  class space    used 14564K, capacity 16005K, committed 16176K, reserved 1048576K
}
Event: 4126.054 GC heap after
{Heap after GC invocations=278 (full 0):
 garbage-first heap   total 196608K, used 83515K [0x0000000080000000, 0x0000000100000000)
  region size 1024K, 1 young (1024K), 1 survivors (1024K)
 Metaspace       used 122494K, capacity 126756K, committed 127080K, reserved 1161216K
  class space    used 14564K, capacity 16005K, committed 16176K, reserved 1048576K
}
Event: 4127.072 GC heap before
{Heap before GC invocations=278 (full 0):
 garbage-first heap   total 196608K, used 154171K [0x0000000080000000, 0x0000000100000000)
  region size 1024K, 71 young (72704K), 1 survivors (1024K)
 Metaspace       used 122498K, capacity 126756K, committed 127080K, reserved 1161216K
  class space    used 14565K, capacity 16005K, committed 16176K, reserved 1048576K
}
Event: 4127.080 GC heap after
{Heap after GC invocations=279 (full 0):
 garbage-first heap   total 196608K, used 85561K [0x0000000080000000, 0x0000000100000000)
  region size 1024K, 3 young (3072K), 3 survivors (3072K)
 Metaspace       used 122498K, capacity 126756K, committed 127080K, reserved 1161216K
  class space    used 14565K, capacity 16005K, committed 16176K, reserved 1048576K
}
Event: 4187.288 GC heap before
{Heap before GC invocations=280 (full 0):
 garbage-first heap   total 196608K, used 185913K [0x0000000080000000, 0x0000000100000000)
  region size 1024K, 73 young (74752K), 3 survivors (3072K)
 Metaspace       used 122548K, capacity 126768K, committed 127080K, reserved 1161216K
  class space    used 14567K, capacity 16008K, committed 16176K, reserved 1048576K
}
Event: 4187.295 GC heap after
{Heap after GC invocations=281 (full 0):
 garbage-first heap   total 196608K, used 86760K [0x0000000080000000, 0x0000000100000000)
  region size 1024K, 5 young (5120K), 5 survivors (5120K)
 Metaspace       used 122548K, capacity 126768K, committed 127080K, reserved 1161216K
  class space    used 14567K, capacity 16008K, committed 16176K, reserved 1048576K
}
Event: 4187.309 GC heap before
{Heap before GC invocations=281 (full 0):
 garbage-first heap   total 196608K, used 89832K [0x0000000080000000, 0x0000000100000000)
  region size 1024K, 9 young (9216K), 5 survivors (5120K)
 Metaspace       used 122548K, capacity 126768K, committed 127080K, reserved 1161216K
  class space    used 14567K, capacity 16008K, committed 16176K, reserved 1048576K
}
Event: 4187.316 GC heap after
{Heap after GC invocations=282 (full 0):
 garbage-first heap   total 196608K, used 76511K [0x0000000080000000, 0x0000000100000000)
  region size 1024K, 1 young (1024K), 1 survivors (1024K)
 Metaspace       used 122548K, capacity 126768K, committed 127080K, reserved 1161216K
  class space    used 14567K, capacity 16008K, committed 16176K, reserved 1048576K
}
Event: 4188.434 GC heap before
{Heap before GC invocations=282 (full 0):
 garbage-first heap   total 196608K, used 155359K [0x0000000080000000, 0x0000000100000000)
  region size 1024K, 79 young (80896K), 1 survivors (1024K)
 Metaspace       used 122557K, capacity 126770K, committed 127080K, reserved 1161216K
  class space    used 14567K, capacity 16008K, committed 16176K, reserved 1048576K
}
Event: 4188.441 GC heap after
{Heap after GC invocations=283 (full 0):
 garbage-first heap   total 196608K, used 78866K [0x0000000080000000, 0x0000000100000000)
  region size 1024K, 4 young (4096K), 4 survivors (4096K)
 Metaspace       used 122557K, capacity 126770K, committed 127080K, reserved 1161216K
  class space    used 14567K, capacity 16008K, committed 16176K, reserved 1048576K
}
Event: 4188.979 GC heap before
{Heap before GC invocations=284 (full 0):
 garbage-first heap   total 196608K, used 160786K [0x0000000080000000, 0x0000000100000000)
  region size 1024K, 81 young (82944K), 4 survivors (4096K)
 Metaspace       used 122581K, capacity 126770K, committed 127080K, reserved 1161216K
  class space    used 14567K, capacity 16008K, committed 16176K, reserved 1048576K
}
Event: 4188.989 GC heap after
{Heap after GC invocations=285 (full 0):
 garbage-first heap   total 196608K, used 87667K [0x0000000080000000, 0x0000000100000000)
  region size 1024K, 10 young (10240K), 10 survivors (10240K)
 Metaspace       used 122581K, capacity 126770K, committed 127080K, reserved 1161216K
  class space    used 14567K, capacity 16008K, committed 16176K, reserved 1048576K
}
Event: 4188.998 GC heap before
{Heap before GC invocations=285 (full 0):
 garbage-first heap   total 196608K, used 87667K [0x0000000080000000, 0x0000000100000000)
  region size 1024K, 11 young (11264K), 10 survivors (10240K)
 Metaspace       used 122581K, capacity 126770K, committed 127080K, reserved 1161216K
  class space    used 14567K, capacity 16008K, committed 16176K, reserved 1048576K
}
Event: 4189.009 GC heap after
{Heap after GC invocations=286 (full 0):
 garbage-first heap   total 196608K, used 80526K [0x0000000080000000, 0x0000000100000000)
  region size 1024K, 1 young (1024K), 1 survivors (1024K)
 Metaspace       used 122581K, capacity 126770K, committed 127080K, reserved 1161216K
  class space    used 14567K, capacity 16008K, committed 16176K, reserved 1048576K
}
Event: 4189.024 GC heap before
{Heap before GC invocations=286 (full 0):
 garbage-first heap   total 196608K, used 82574K [0x0000000080000000, 0x0000000100000000)
  region size 1024K, 4 young (4096K), 1 survivors (1024K)
 Metaspace       used 122581K, capacity 126770K, committed 127080K, reserved 1161216K
  class space    used 14567K, capacity 16008K, committed 16176K, reserved 1048576K
}
Event: 4189.028 GC heap after
{Heap after GC invocations=287 (full 0):
 garbage-first heap   total 196608K, used 81716K [0x0000000080000000, 0x0000000100000000)
  region size 1024K, 2 young (2048K), 2 survivors (2048K)
 Metaspace       used 122581K, capacity 126770K, committed 127080K, reserved 1161216K
  class space    used 14567K, capacity 16008K, committed 16176K, reserved 1048576K
}

